<?xml version="1.0" encoding="UTF-8"?>
<!-- Generated by org.testng.reporters.JUnitXMLReporter -->
<testsuite ignored="0" hostname="DESKTOP-F704GOC" failures="1" tests="5" name="Command line test" time="44.147" errors="0" timestamp="13 Nov 2018 02:16:19 GMT">
  <testcase classname="testCases.TestCase1" name="testTestCase1" time="3.128"/>
  <testcase classname="testCases.TestCase2" name="testTestCase2" time="3.484"/>
  <testcase classname="testCases.TestCase3" name="testTestCase3" time="2.138">
    <failure type="java.lang.AssertionError" message="expected [* The requested quantity for &amp;quot;Sony Xperia&amp;quot; is not available] but found [Some of the products cannot be ordered in requested quantity.]">
      <![CDATA[java.lang.AssertionError: expected [* The requested quantity for "Sony Xperia" is not available] but found [Some of the products cannot be ordered in requested quantity.]
at testCases.TestCase3.testTestCase3(TestCase3.java:46)
... Removed 41 stack frames]]>
    </failure>
  </testcase> <!-- testTestCase3 -->
  <testcase classname="testCases.TestCase4" name="testTestCase4" time="6.335"/>
  <testcase classname="testCases.TestCase5" name="testTestCase5" time="10.266"/>
</testsuite> <!-- Command line test -->
