<?xml version="1.0" encoding="UTF-8" ?>
<testsuite tests="5" failures="1" name="TestSuite" time="25.369" errors="0" skipped="0">
  <properties>
[...]
</properties>
  <testcase classname="testCases.TestCase1" name="testTestCase1" time="3.139"/>
  <testcase classname="testCases.TestCase2" name="testTestCase2" time="3.485"/>
  <testcase classname="testCases.TestCase3" name="testTestCase3" time="2.141">
    <failure message="expected [* The requested quantity for &quot;Sony Xperia&quot; is not available] but found [Some of the products cannot be ordered in requested quantity.]" type="java.lang.AssertionError">java.lang.AssertionError: expected [* The requested quantity for &quot;Sony Xperia&quot; is not available] but found [Some of the products cannot be ordered in requested quantity.]
	at org.testng.Assert.fail(Assert.java:96)
	at org.testng.Assert.failNotEquals(Assert.java:776)
	at org.testng.Assert.assertEqualsImpl(Assert.java:137)
	at org.testng.Assert.assertEquals(Assert.java:118)
	at org.testng.Assert.assertEquals(Assert.java:453)
	at org.testng.Assert.assertEquals(Assert.java:463)
	at testCases.TestCase3.testTestCase3(TestCase3.java:46)
</failure>
    <system-out>chrome
</system-out>
    <system-err>Starting ChromeDriver 2.36.540470 (e522d04694c7ebea4ba8821272dbef4f9b818c91) on port 10673
Only local connections are allowed.
Nov 12, 2018 9:15:52 PM org.openqa.selenium.remote.ProtocolHandshake createSession
INFO: Detected dialect: OSS
</system-err>
  </testcase>
  <testcase classname="testCases.TestCase4" name="testTestCase4" time="6.337"/>
  <testcase classname="testCases.TestCase5" name="testTestCase5" time="10.267"/>
</testsuite>