<?xml version="1.0" encoding="UTF-8"?>
<testng-results ignored="0" total="1" passed="1" failed="0" skipped="0">
  <reporter-output>
  </reporter-output>
  <suite started-at="2018-11-13T02:02:36Z" name="Default suite" finished-at="2018-11-13T02:02:44Z" duration-ms="7797">
    <groups>
    </groups>
    <test started-at="2018-11-13T02:02:36Z" name="Default test" finished-at="2018-11-13T02:02:44Z" duration-ms="7797">
      <class name="testCases.TestCase1">
        <test-method is-config="true" signature="initialize()[pri:0, instance:testCases.TestCase1@117e949d]" started-at="2018-11-13T02:02:36Z" name="initialize" finished-at="2018-11-13T02:02:40Z" duration-ms="3860" status="PASS">
          <reporter-output>
          </reporter-output>
        </test-method> <!-- initialize -->
        <test-method signature="testTestCase1()[pri:0, instance:testCases.TestCase1@117e949d]" started-at="2018-11-13T02:02:40Z" name="testTestCase1" finished-at="2018-11-13T02:02:43Z" duration-ms="3172" status="PASS">
          <reporter-output>
          </reporter-output>
        </test-method> <!-- testTestCase1 -->
        <test-method is-config="true" signature="tearDown()[pri:0, instance:testCases.TestCase1@117e949d]" started-at="2018-11-13T02:02:43Z" name="tearDown" finished-at="2018-11-13T02:02:44Z" duration-ms="729" status="PASS">
          <reporter-output>
          </reporter-output>
        </test-method> <!-- tearDown -->
      </class> <!-- testCases.TestCase1 -->
    </test> <!-- Default test -->
  </suite> <!-- Default suite -->
</testng-results>
